<?xml version="1.0" encoding="UTF-8"?>
<testsuite xmlns:xsi="http://www.w3.org/2001/XMLSchema-instance" xsi:schemaLocation="https://maven.apache.org/surefire/maven-surefire-plugin/xsd/surefire-test-report.xsd" name="ec.edu.espe.arquitectura.banquitowsgestionadmin.service.BankEntityServiceTest" time="2.155" tests="1" errors="0" skipped="0" failures="0">
  <properties>
[...]
</properties>
  <testcase name="BankEntityService_AddBranch_Success" classname="ec.edu.espe.arquitectura.banquitowsgestionadmin.service.BankEntityServiceTest" time="0.466"/>
</testsuite>